<?xml version="1.0" encoding="UTF-8"?>
<!-- Generated by org.testng.reporters.JUnitXMLReporter -->
<testsuite ignored="0" hostname="DESKTOP-PQQMIHU" failures="0" tests="4" name="Test" time="0.083" errors="0" timestamp="2022-04-09T11:18:59 IST">
  <testcase classname="TestGroup_PracticeProblems4D.A25_TestNGAnnotationsA" name="TC1" time="0.007"/>
  <testcase classname="TestGroup_PracticeProblems4D.A25_TestNGAnnotationsA" name="TC2" time="0.003"/>
  <testcase classname="TestGroup_PracticeProblems4D.A25_TestNGAnnotationsB" name="TC3" time="0.002"/>
  <testcase classname="TestGroup_PracticeProblems4D.A25_TestNGAnnotationsB" name="TC4" time="0.003"/>
</testsuite> <!-- Test -->
