<?xml version="1.0" encoding="UTF-8"?>
<testng-results ignored="0" total="2" passed="2" failed="0" skipped="0">
  <reporter-output>
  </reporter-output>
  <suite started-at="2022-04-14T14:49:21 IST" name="Default suite" finished-at="2022-04-14T14:49:21 IST" duration-ms="92">
    <groups>
    </groups>
    <test started-at="2022-04-14T14:49:21 IST" name="Default test" finished-at="2022-04-14T14:49:21 IST" duration-ms="92">
      <class name="TestGroup_PracticeProblems4D.Test2">
        <test-method signature="TC1(java.lang.String)[pri:0, instance:TestGroup_PracticeProblems4D.Test2@1534f01b]" started-at="2022-04-14T14:49:21 IST" name="TC1" data-provider="credentials" finished-at="2022-04-14T14:49:21 IST" duration-ms="10" status="PASS">
          <params>
            <param index="0">
              <value>
                <![CDATA[id1]]>
              </value>
            </param>
          </params>
          <reporter-output>
          </reporter-output>
        </test-method> <!-- TC1 -->
        <test-method signature="TC1(java.lang.String)[pri:0, instance:TestGroup_PracticeProblems4D.Test2@1534f01b]" started-at="2022-04-14T14:49:21 IST" name="TC1" data-provider="credentials" finished-at="2022-04-14T14:49:21 IST" duration-ms="3" status="PASS">
          <params>
            <param index="0">
              <value>
                <![CDATA[id2]]>
              </value>
            </param>
          </params>
          <reporter-output>
          </reporter-output>
        </test-method> <!-- TC1 -->
      </class> <!-- TestGroup_PracticeProblems4D.Test2 -->
    </test> <!-- Default test -->
  </suite> <!-- Default suite -->
</testng-results>
